2025-03-07 21:06:09,301 - instabot version: 0.117.0 (bot) - INFO - Instabot version: 0.117.0 Started
2025-03-07 21:06:09,316 - instabot version: 0.117.0 (bot) - DEBUG - Bot imported from C:\Users\valen\AppData\Local\Packages\PythonSoftwareFoundation.Python.3.12_qbz5n2kfra8p0\LocalCache\local-packages\Python312\site-packages\instabot\bot\bot.py
2025-03-07 21:06:09,316 - instabot version: 0.117.0 (api_login) - INFO - Not yet logged in starting: PRE-LOGIN FLOW!
2025-03-07 21:06:09,682 - instabot version: 0.117.0 (api) - DEBUG - POST to endpoint: accounts/get_prefill_candidates/ returned response: <Response [200]>
2025-03-07 21:06:10,017 - instabot version: 0.117.0 (api) - DEBUG - POST to endpoint: qe/sync/ returned response: <Response [200]>
2025-03-07 21:06:10,422 - instabot version: 0.117.0 (api) - DEBUG - POST to endpoint: launcher/sync/ returned response: <Response [200]>
2025-03-07 21:06:10,658 - instabot version: 0.117.0 (api) - DEBUG - POST to endpoint: accounts/contact_point_prefill/ returned response: <Response [200]>
2025-03-07 21:06:11,809 - instabot version: 0.117.0 (api) - DEBUG - POST to endpoint: accounts/login/ returned response: <Response [400]>
2025-03-07 21:06:11,809 - instabot version: 0.117.0 (api) - DEBUG - Responsecode indicates error; response content: b'{"message":"You\'ll need to update Instagram to the latest version before you can use the app.","status":"fail","error_type":"block_eu_user_login_in_old_app"}'
2025-03-07 21:06:11,809 - instabot version: 0.117.0 (api) - ERROR - Request returns 400 error!
2025-03-07 21:06:11,834 - instabot version: 0.117.0 (api) - INFO - Instagram's error message: You'll need to update Instagram to the latest version before you can use the app.
2025-03-07 21:06:11,880 - instabot version: 0.117.0 (api) - INFO - Error type: block_eu_user_login_in_old_app
2025-03-07 21:06:11,924 - instabot version: 0.117.0 (api) - ERROR - Failed to login go to instagram and change your password
2025-03-07 21:06:11,957 - instabot version: 0.117.0 (api) - INFO - Username or password is incorrect.
2025-03-07 21:20:58,179 - instabot version: 0.117.0 (bot) - INFO - Instabot version: 0.117.0 Started
2025-03-07 21:20:58,189 - instabot version: 0.117.0 (bot) - DEBUG - Bot imported from C:\Users\valen\AppData\Local\Packages\PythonSoftwareFoundation.Python.3.12_qbz5n2kfra8p0\LocalCache\local-packages\Python312\site-packages\instabot\bot\bot.py
2025-03-07 21:21:02,248 - instabot version: 0.117.0 (api_login) - INFO - Not yet logged in starting: PRE-LOGIN FLOW!
2025-03-07 21:21:02,614 - instabot version: 0.117.0 (api) - DEBUG - POST to endpoint: accounts/get_prefill_candidates/ returned response: <Response [200]>
2025-03-07 21:21:03,001 - instabot version: 0.117.0 (api) - DEBUG - POST to endpoint: qe/sync/ returned response: <Response [200]>
2025-03-07 21:21:03,340 - instabot version: 0.117.0 (api) - DEBUG - POST to endpoint: launcher/sync/ returned response: <Response [200]>
2025-03-07 21:21:03,661 - instabot version: 0.117.0 (api) - DEBUG - POST to endpoint: accounts/contact_point_prefill/ returned response: <Response [200]>
2025-03-07 21:21:03,947 - instabot version: 0.117.0 (api) - DEBUG - POST to endpoint: accounts/login/ returned response: <Response [400]>
2025-03-07 21:21:03,948 - instabot version: 0.117.0 (api) - DEBUG - Responsecode indicates error; response content: b'{"message":"Invalid Parameters","status":"fail","error_type":"missing_parameters"}'
2025-03-07 21:21:03,949 - instabot version: 0.117.0 (api) - ERROR - Request returns 400 error!
2025-03-07 21:21:03,965 - instabot version: 0.117.0 (api) - INFO - Instagram's error message: Invalid Parameters
2025-03-07 21:21:03,999 - instabot version: 0.117.0 (api) - INFO - Error type: missing_parameters
2025-03-07 21:21:04,025 - instabot version: 0.117.0 (api) - ERROR - Failed to login go to instagram and change your password
2025-03-07 21:21:04,054 - instabot version: 0.117.0 (api) - INFO - Username or password is incorrect.
